<?xml version="1.0" encoding="UTF-8"?>
<!-- Generated by org.testng.reporters.JUnitReportReporter -->
<testsuite hostname="DESKTOP-C7B5UC3" failures="0" tests="1" name="Jombone_Automation.Param" time="7.810" errors="0" timestamp="2020-07-01T16:10:54 EDT" skipped="0">
  <testcase classname="Jombone_Automation.Param" name="Login" time="7.810"/>
  <system-out/>
</testsuite> <!-- Jombone_Automation.Param -->
