<?xml version="1.0" encoding="UTF-8"?>
<!-- Generated by org.testng.reporters.JUnitReportReporter -->
<testsuite hostname="DESKTOP-C7B5UC3" failures="0" tests="2" name="Jombone_Automation.JMB_COUserMgt_004" time="10.933" errors="0" timestamp="2020-07-08T16:52:50 EDT" skipped="0">
  <testcase classname="Jombone_Automation.JMB_COUserMgt_004" name="Login" time="9.935"/>
  <system-out/>
  <testcase classname="Jombone_Automation.JMB_COUserMgt_004" name="NavigateToUserMngmntPage" time="0.998"/>
  <system-out/>
</testsuite> <!-- Jombone_Automation.JMB_COUserMgt_004 -->
