<?xml version="1.0" encoding="UTF-8"?>
<!-- Generated by org.testng.reporters.JUnitReportReporter -->
<testsuite hostname="DESKTOP-C7B5UC3" failures="0" tests="3" name="Jombone_Automation.SB001" time="28.038" errors="0" timestamp="2020-07-10T14:05:25 EDT" skipped="0">
  <testcase classname="Jombone_Automation.SB001" name="Login" time="9.620"/>
  <system-out/>
  <testcase classname="Jombone_Automation.SB001" name="UpdateProfile" time="16.439"/>
  <system-out/>
  <testcase classname="Jombone_Automation.SB001" name="VerifyProfileUpdated" time="1.979"/>
  <system-out/>
</testsuite> <!-- Jombone_Automation.SB001 -->
