<?xml version="1.0" encoding="UTF-8"?>
<!-- Generated by org.testng.reporters.JUnitReportReporter -->
<testsuite hostname="DESKTOP-C7B5UC3" failures="0" tests="3" name="Jombone_Automation.JMB_COUserMgt_006" time="11.278" errors="0" timestamp="2020-07-08T16:52:50 EDT" skipped="0">
  <testcase classname="Jombone_Automation.JMB_COUserMgt_006" name="Login" time="10.103"/>
  <system-out/>
  <testcase classname="Jombone_Automation.JMB_COUserMgt_006" name="NavigateToUserMngmntPage" time="0.969"/>
  <system-out/>
  <testcase classname="Jombone_Automation.JMB_COUserMgt_006" name="StatusDropDownMenu" time="0.206"/>
  <system-out/>
</testsuite> <!-- Jombone_Automation.JMB_COUserMgt_006 -->
