<?xml version="1.0" encoding="UTF-8"?>
<!-- Generated by org.testng.reporters.JUnitReportReporter -->
<testsuite hostname="DESKTOP-C7B5UC3" failures="0" tests="3" name="Jombone_Automation.JMB_COUserMgt_008" time="10.658" errors="0" timestamp="2020-07-08T16:52:50 EDT" skipped="0">
  <testcase classname="Jombone_Automation.JMB_COUserMgt_008" name="Login" time="9.408"/>
  <system-out/>
  <testcase classname="Jombone_Automation.JMB_COUserMgt_008" name="NavigateToUserMngmntPage" time="1.002"/>
  <system-out/>
  <testcase classname="Jombone_Automation.JMB_COUserMgt_008" name="ApproveTimeDownMenu" time="0.248"/>
  <system-out/>
</testsuite> <!-- Jombone_Automation.JMB_COUserMgt_008 -->
