<?xml version="1.0" encoding="UTF-8"?>
<!-- Generated by org.testng.reporters.JUnitReportReporter -->
<testsuite hostname="DESKTOP-C7B5UC3" failures="0" tests="7" name="Jombone_Automation.JMB_COUserMgt_009" time="12.550" errors="0" timestamp="2020-07-08T16:52:50 EDT" skipped="0">
  <testcase classname="Jombone_Automation.JMB_COUserMgt_009" name="Login" time="10.019"/>
  <system-out/>
  <testcase classname="Jombone_Automation.JMB_COUserMgt_009" name="NavigateToUserMngmntPage" time="1.130"/>
  <system-out/>
  <testcase classname="Jombone_Automation.JMB_COUserMgt_009" name="SelectValueStatusDD" time="0.387"/>
  <system-out/>
  <testcase classname="Jombone_Automation.JMB_COUserMgt_009" name="SelectValueRoleDD" time="0.239"/>
  <system-out/>
  <testcase classname="Jombone_Automation.JMB_COUserMgt_009" name="SelectValueApproveTimeDD" time="0.185"/>
  <system-out/>
  <testcase classname="Jombone_Automation.JMB_COUserMgt_009" name="ClickSearchButton" time="0.438"/>
  <system-out/>
  <testcase classname="Jombone_Automation.JMB_COUserMgt_009" name="VerifySearchResult" time="0.152"/>
  <system-out/>
</testsuite> <!-- Jombone_Automation.JMB_COUserMgt_009 -->
