<?xml version="1.0" encoding="UTF-8"?>
<!-- Generated by org.testng.reporters.JUnitReportReporter -->
<testsuite hostname="DESKTOP-C7B5UC3" failures="0" tests="3" name="Jombone_Automation.JMB_COUserMgt_010" time="11.749" errors="0" timestamp="2020-07-08T16:52:50 EDT" skipped="0">
  <testcase classname="Jombone_Automation.JMB_COUserMgt_010" name="Login" time="10.228"/>
  <system-out/>
  <testcase classname="Jombone_Automation.JMB_COUserMgt_010" name="NavigateToUserMngmntPage" time="1.012"/>
  <system-out/>
  <testcase classname="Jombone_Automation.JMB_COUserMgt_010" name="InviteUserPopUpWindow" time="0.509"/>
  <system-out/>
</testsuite> <!-- Jombone_Automation.JMB_COUserMgt_010 -->
