<?xml version="1.0" encoding="UTF-8"?>
<!-- Generated by org.testng.reporters.JUnitReportReporter -->
<testsuite hostname="DESKTOP-C7B5UC3" failures="0" tests="3" name="Jombone_Automation.JMB_COUserMgt_007" time="12.777" errors="0" timestamp="2020-07-08T16:52:50 EDT" skipped="0">
  <testcase classname="Jombone_Automation.JMB_COUserMgt_007" name="Login" time="11.514"/>
  <system-out/>
  <testcase classname="Jombone_Automation.JMB_COUserMgt_007" name="NavigateToUserMngmntPage" time="0.976"/>
  <system-out/>
  <testcase classname="Jombone_Automation.JMB_COUserMgt_007" name="RoleDropDownMenu" time="0.287"/>
  <system-out/>
</testsuite> <!-- Jombone_Automation.JMB_COUserMgt_007 -->
