<?xml version="1.0" encoding="UTF-8"?>
<!-- Generated by org.testng.reporters.JUnitReportReporter -->
<testsuite hostname="DESKTOP-C7B5UC3" failures="0" tests="3" name="Jombone_Automation.JMB_COUserMgt_016" time="13.451" errors="0" timestamp="2020-07-08T16:52:50 EDT" skipped="0">
  <testcase classname="Jombone_Automation.JMB_COUserMgt_016" name="Login" time="10.168"/>
  <system-out/>
  <testcase classname="Jombone_Automation.JMB_COUserMgt_016" name="NavigateToUserMngmntPage" time="1.023"/>
  <system-out/>
  <testcase classname="Jombone_Automation.JMB_COUserMgt_016" name="InviteUser_EnterMoreThan100char_InMsgTextbox_Negative" time="2.260"/>
  <system-out/>
</testsuite> <!-- Jombone_Automation.JMB_COUserMgt_016 -->
