<?xml version="1.0" encoding="UTF-8"?>
<!-- Generated by org.testng.reporters.JUnitReportReporter -->
<testsuite hostname="DESKTOP-C7B5UC3" failures="0" tests="3" name="Jombone_Automation.JMB_COUserMgt_012" time="13.417" errors="0" timestamp="2020-07-08T16:52:50 EDT" skipped="0">
  <testcase classname="Jombone_Automation.JMB_COUserMgt_012" name="Login" time="11.041"/>
  <system-out/>
  <testcase classname="Jombone_Automation.JMB_COUserMgt_012" name="NavigateToUserMngmntPage" time="1.047"/>
  <system-out/>
  <testcase classname="Jombone_Automation.JMB_COUserMgt_012" name="InviteUser_VerifyUser_Able_To_Enter_Invalid_Email" time="1.329"/>
  <system-out/>
</testsuite> <!-- Jombone_Automation.JMB_COUserMgt_012 -->
