<?xml version="1.0" encoding="UTF-8"?>
<!-- Generated by org.testng.reporters.JUnitReportReporter -->
<testsuite hostname="DESKTOP-C7B5UC3" failures="0" tests="1" name="Jombone_Automation.JMB_COUserMgt_001" time="10.635" errors="0" timestamp="2020-07-08T16:52:50 EDT" skipped="0">
  <testcase classname="Jombone_Automation.JMB_COUserMgt_001" name="Login_With_PositiveInput" time="10.635"/>
  <system-out/>
</testsuite> <!-- Jombone_Automation.JMB_COUserMgt_001 -->
