<?xml version="1.0" encoding="UTF-8"?>
<!-- Generated by org.testng.reporters.JUnitReportReporter -->
<testsuite hostname="DESKTOP-C7B5UC3" failures="0" tests="2" name="Jombone_Automation.Param_JobShareViaTweeter" time="12.796" errors="0" timestamp="2020-07-06T13:53:47 EDT" skipped="0">
  <testcase classname="Jombone_Automation.Param_JobShareViaTweeter" name="Login" time="6.553"/>
  <system-out/>
  <testcase classname="Jombone_Automation.Param_JobShareViaTweeter" name="ShareJobTwitter" time="6.243"/>
  <system-out/>
</testsuite> <!-- Jombone_Automation.Param_JobShareViaTweeter -->
