<?xml version="1.0" encoding="UTF-8"?>
<!-- Generated by org.testng.reporters.JUnitReportReporter -->
<testsuite hostname="DESKTOP-C7B5UC3" failures="0" tests="3" name="Jombone_Automation.JMB_COUserMgt_014" time="12.175" errors="0" timestamp="2020-07-08T16:52:50 EDT" skipped="0">
  <testcase classname="Jombone_Automation.JMB_COUserMgt_014" name="Login" time="9.453"/>
  <system-out/>
  <testcase classname="Jombone_Automation.JMB_COUserMgt_014" name="NavigateToUserMngmntPage" time="1.088"/>
  <system-out/>
  <testcase classname="Jombone_Automation.JMB_COUserMgt_014" name="InviteUser_ApproveTimeDropDown" time="1.634"/>
  <system-out/>
</testsuite> <!-- Jombone_Automation.JMB_COUserMgt_014 -->
