<?xml version="1.0" encoding="UTF-8"?>
<!-- Generated by org.testng.reporters.JUnitReportReporter -->
<testsuite hostname="DESKTOP-C7B5UC3" failures="0" tests="2" name="Jombone_Automation.JMB_COUserMgt_005" time="11.348" errors="0" timestamp="2020-07-08T16:52:50 EDT" skipped="0">
  <testcase classname="Jombone_Automation.JMB_COUserMgt_005" name="Login" time="9.926"/>
  <system-out/>
  <testcase classname="Jombone_Automation.JMB_COUserMgt_005" name="NavigateToUserMngmntPage" time="1.422"/>
  <system-out/>
</testsuite> <!-- Jombone_Automation.JMB_COUserMgt_005 -->
