<?xml version="1.0" encoding="UTF-8"?>
<!-- Generated by org.testng.reporters.JUnitReportReporter -->
<testsuite hostname="DESKTOP-C7B5UC3" failures="0" tests="3" name="Jombone_Automation.JMB_COUserMgt_013" time="11.845" errors="0" timestamp="2020-07-08T16:52:50 EDT" skipped="0">
  <testcase classname="Jombone_Automation.JMB_COUserMgt_013" name="Login" time="9.758"/>
  <system-out/>
  <testcase classname="Jombone_Automation.JMB_COUserMgt_013" name="NavigateToUserMngmntPage" time="1.031"/>
  <system-out/>
  <testcase classname="Jombone_Automation.JMB_COUserMgt_013" name="InviteUser_SelectRole" time="1.056"/>
  <system-out/>
</testsuite> <!-- Jombone_Automation.JMB_COUserMgt_013 -->
