<?xml version="1.0" encoding="UTF-8"?>
<!-- Generated by org.testng.reporters.JUnitReportReporter -->
<testsuite hostname="DESKTOP-C7B5UC3" failures="0" tests="3" name="Jombone_Automation.JMB_COUserMgt_015" time="14.180" errors="0" timestamp="2020-07-08T16:52:50 EDT" skipped="0">
  <testcase classname="Jombone_Automation.JMB_COUserMgt_015" name="Login" time="10.638"/>
  <system-out/>
  <testcase classname="Jombone_Automation.JMB_COUserMgt_015" name="NavigateToUserMngmntPage" time="0.995"/>
  <system-out/>
  <testcase classname="Jombone_Automation.JMB_COUserMgt_015" name="InviteUser_EnterMax100charInMsgTextbox_Positive" time="2.547"/>
  <system-out/>
</testsuite> <!-- Jombone_Automation.JMB_COUserMgt_015 -->
